Using pre-set license
Built from '2021.1/release' branch; Version is '2021.1.10f1 (b15f561b2cef) revision 11624278'; Using compiler version '192528614'; Build Type 'Release'
OS: 'Windows 10 Pro; OS build 19043.1348; Version 2009; 64bit' Language: 'en' Physical Memory: 16230 MB
BatchMode: 1, IsHumanControllingUs: 0, StartBugReporterOnCrash: 0, Is64bit: 1, IsPro: 0

 COMMAND LINE ARGUMENTS:
D:\UnityIDE\2021.1.10f1\Editor\Unity.exe
-adb2
-batchMode
-noUpm
-name
AssetImportWorker2
-projectPath
D:/Repo/Lost-in-LIfe/LostInLife
-logFile
Logs/AssetImportWorker2.log
-srvPort
52557
Successfully changed project path to: D:/Repo/Lost-in-LIfe/LostInLife
D:/Repo/Lost-in-LIfe/LostInLife
Using Asset Import Pipeline V2.
Refreshing native plugins compatible for Editor in 94.78 ms, found 3 plugins.
Preloading 0 native plugins for Editor in 0.00 ms.
Initialize engine version: 2021.1.10f1 (b15f561b2cef)
[Subsystems] Discovering subsystems at path D:/UnityIDE/2021.1.10f1/Editor/Data/Resources/UnitySubsystems
[Subsystems] Discovering subsystems at path D:/Repo/Lost-in-LIfe/LostInLife/Assets
GfxDevice: creating device client; threaded=0; jobified=0
Direct3D:
    Version:  Direct3D 11.0 [level 11.1]
    Renderer: NVIDIA GeForce GTX 1060 (ID=0x1c20)
    Vendor:   NVIDIA
    VRAM:     6052 MB
    Driver:   30.0.14.9676
Initialize mono
Mono path[0] = 'D:/UnityIDE/2021.1.10f1/Editor/Data/Managed'
Mono path[1] = 'D:/UnityIDE/2021.1.10f1/Editor/Data/MonoBleedingEdge/lib/mono/unityjit'
Mono config path = 'D:/UnityIDE/2021.1.10f1/Editor/Data/MonoBleedingEdge/etc'
Using monoOptions --debugger-agent=transport=dt_socket,embedding=1,server=y,suspend=n,address=127.0.0.1:56916
Begin MonoManager ReloadAssembly
Registering precompiled unity dll's ...
Register platform support module: D:/UnityIDE/2021.1.10f1/Editor/Data/PlaybackEngines/WindowsStandaloneSupport/UnityEditor.WindowsStandalone.Extensions.dll
Registered in 0.004000 seconds.
Native extension for WindowsStandalone target not found
Refreshing native plugins compatible for Editor in 86.92 ms, found 3 plugins.
Preloading 0 native plugins for Editor in 0.00 ms.
Mono: successfully reloaded assembly
- Completed reload, in  2.595 seconds
Domain Reload Profiling:
	ReloadAssembly (2595ms)
		BeginReloadAssembly (71ms)
			ExecutionOrderSort (0ms)
			DisableScriptedObjects (0ms)
			BackupInstance (0ms)
			ReleaseScriptingObjects (0ms)
			CreateAndSetChildDomain (1ms)
		EndReloadAssembly (465ms)
			LoadAssemblies (66ms)
			RebuildTransferFunctionScriptingTraits (0ms)
			SetupTypeCache (162ms)
			ReleaseScriptCaches (0ms)
			RebuildScriptCaches (33ms)
			SetupLoadedEditorAssemblies (218ms)
				LogAssemblyErrors (0ms)
				InitializePlatformSupportModulesInManaged (6ms)
				SetLoadedEditorAssemblies (0ms)
				RefreshPlugins (87ms)
				BeforeProcessingInitializeOnLoad (1ms)
				ProcessInitializeOnLoadAttributes (94ms)
				ProcessInitializeOnLoadMethodAttributes (29ms)
				AfterProcessingInitializeOnLoad (0ms)
				EditorAssembliesLoaded (0ms)
			ExecutionOrderSort2 (0ms)
			AwakeInstancesAfterBackupRestoration (0ms)
Platform modules already initialized, skipping
Registering precompiled user dll's ...
Registered in 0.010544 seconds.
Begin MonoManager ReloadAssembly
Symbol file LoadedFromMemory doesn't match image D:\Repo\Lost-in-LIfe\LostInLife\Library\PackageCache\com.unity.visualscripting@1.6.1\Editor\VisualScripting.Core\Dependencies\YamlDotNet\Unity.VisualScripting.YamlDotNet.dll
Symbol file LoadedFromMemory doesn't match image D:\Repo\Lost-in-LIfe\LostInLife\Library\PackageCache\com.unity.visualscripting@1.6.1\Editor\VisualScripting.Core\Dependencies\DotNetZip\Unity.VisualScripting.IonicZip.dll
Native extension for WindowsStandalone target not found
Refreshing native plugins compatible for Editor in 0.66 ms, found 3 plugins.
Preloading 0 native plugins for Editor in 0.00 ms.
Mono: successfully reloaded assembly
- Completed reload, in  5.504 seconds
Domain Reload Profiling:
	ReloadAssembly (5505ms)
		BeginReloadAssembly (170ms)
			ExecutionOrderSort (0ms)
			DisableScriptedObjects (5ms)
			BackupInstance (0ms)
			ReleaseScriptingObjects (0ms)
			CreateAndSetChildDomain (19ms)
		EndReloadAssembly (5263ms)
			LoadAssemblies (3468ms)
			RebuildTransferFunctionScriptingTraits (0ms)
			SetupTypeCache (1134ms)
			ReleaseScriptCaches (1ms)
			RebuildScriptCaches (49ms)
			SetupLoadedEditorAssemblies (518ms)
				LogAssemblyErrors (0ms)
				InitializePlatformSupportModulesInManaged (5ms)
				SetLoadedEditorAssemblies (0ms)
				RefreshPlugins (1ms)
				BeforeProcessingInitializeOnLoad (85ms)
				ProcessInitializeOnLoadAttributes (409ms)
				ProcessInitializeOnLoadMethodAttributes (5ms)
				AfterProcessingInitializeOnLoad (14ms)
				EditorAssembliesLoaded (0ms)
			ExecutionOrderSort2 (0ms)
			AwakeInstancesAfterBackupRestoration (7ms)
Platform modules already initialized, skipping
========================================================================
Worker process is ready to serve import requests
Launched and connected shader compiler UnityShaderCompiler.exe after 0.20 seconds
Refreshing native plugins compatible for Editor in 1.03 ms, found 3 plugins.
Preloading 0 native plugins for Editor in 0.00 ms.
Unloading 3216 Unused Serialized files (Serialized files now loaded: 0)
System memory in use before: 155.2 MB.
System memory in use after: 155.4 MB.

Unloading 22 unused Assets to reduce memory usage. Loaded Objects now: 3696.
Total: 2.816700 ms (FindLiveObjects: 0.278900 ms CreateObjectMapping: 0.155700 ms MarkObjects: 2.260600 ms  DeleteObjects: 0.120400 ms)

AssetImportParameters requested are different than current active one (requested -> active):
  custom:framework-win-MediaFoundation: 216162199b28c13a410421893ffa2e32 -> 
  custom:video-decoder-ogg-theora: a1e56fd34408186e4bbccfd4996cb3dc -> 
  custom:container-muxer-webm: aa71ff27fc2769a1b78a27578f13a17b -> 
  custom:container-demuxer-webm: 4f35f7cbe854078d1ac9338744f61a02 -> 
  custom:container-demuxer-ogg: 62fdf1f143b41e24485cea50d1cbac27 -> 
  custom:video-encoder-webm-vp8: eb34c28f22e8b96e1ab97ce403110664 -> 
  custom:video-decoder-webm-vp8: 9c59270c3fd7afecdb556c50c9e8de78 -> 
  custom:audio-decoder-ogg-vorbis: bf7c407c2cedff20999df2af8eb42d56 -> 
  custom:audio-encoder-webm-vorbis: bf7c407c2cedff20999df2af8eb42d56 -> 
========================================================================
Received Import Request.
  path: Assets/CodeMonkey/README.txt
  artifactKey: Guid(f59bf2b41588bd44780fc5218f7864e1) Importer(815301076,1909f56bfc062723c751e8b465ee728b)
Start importing Assets/CodeMonkey/README.txt using Guid(f59bf2b41588bd44780fc5218f7864e1) Importer(815301076,1909f56bfc062723c751e8b465ee728b)  -> (artifact id: 'd6ab6e1d82652f9d12629065bc2da060') in 0.073116 seconds 
========================================================================
Received Import Request.
  Time since last request: 12.818650 seconds.
  path: Assets/_/Stuff/GridPathfinding
  artifactKey: Guid(195b2f3b3faa2ff4fa4e89d879e79def) Importer(815301076,1909f56bfc062723c751e8b465ee728b)
Start importing Assets/_/Stuff/GridPathfinding using Guid(195b2f3b3faa2ff4fa4e89d879e79def) Importer(815301076,1909f56bfc062723c751e8b465ee728b)  -> (artifact id: '36d9abcb87afe1aff2216cf8cdbde176') in 0.007985 seconds 
========================================================================
Received Import Request.
  Time since last request: 7.708356 seconds.
  path: Assets/EnemyAI/Scripts/EnemyAI.cs
  artifactKey: Guid(161070b37dd7b0144b6705a26ad548b9) Importer(815301076,1909f56bfc062723c751e8b465ee728b)
Start importing Assets/EnemyAI/Scripts/EnemyAI.cs using Guid(161070b37dd7b0144b6705a26ad548b9) Importer(815301076,1909f56bfc062723c751e8b465ee728b)  -> (artifact id: '745b38d8694b99fdbf7f82f94ff4b732') in 0.112577 seconds 
========================================================================
Received Import Request.
  Time since last request: 0.416231 seconds.
  path: Assets/_/TopDownShooter/Scripts/EnemyAimLogic.cs
  artifactKey: Guid(99f61261d6f346d4b80a3453f6caa70d) Importer(815301076,1909f56bfc062723c751e8b465ee728b)
Start importing Assets/_/TopDownShooter/Scripts/EnemyAimLogic.cs using Guid(99f61261d6f346d4b80a3453f6caa70d) Importer(815301076,1909f56bfc062723c751e8b465ee728b)  -> (artifact id: '28c995f59eb3be4270a6750692844eb3') in 0.008718 seconds 
========================================================================
Received Import Request.
  Time since last request: 0.921152 seconds.
  path: Assets/EnemyAI
  artifactKey: Guid(06dc9a8407d66684fac054be405dacad) Importer(815301076,1909f56bfc062723c751e8b465ee728b)
Start importing Assets/EnemyAI using Guid(06dc9a8407d66684fac054be405dacad) Importer(815301076,1909f56bfc062723c751e8b465ee728b)  -> (artifact id: 'def6e9690ab8c692ab8d3e4ae21c2924') in 0.003560 seconds 
========================================================================
Received Import Request.
  Time since last request: 0.753306 seconds.
  path: Assets/EnemyAI/Scripts
  artifactKey: Guid(dce9c375f4a6d8c479d737976cc8fb3a) Importer(815301076,1909f56bfc062723c751e8b465ee728b)
Start importing Assets/EnemyAI/Scripts using Guid(dce9c375f4a6d8c479d737976cc8fb3a) Importer(815301076,1909f56bfc062723c751e8b465ee728b)  -> (artifact id: 'dc9d5412dc068d721b6900156f51ccb9') in 0.008337 seconds 
========================================================================
Received Import Request.
  Time since last request: 28485.807452 seconds.
  path: Assets/CodeMonkey
  artifactKey: Guid(16b451a71f8c5644886a3d83a5a80de7) Importer(815301076,1909f56bfc062723c751e8b465ee728b)
Start importing Assets/CodeMonkey using Guid(16b451a71f8c5644886a3d83a5a80de7) Importer(815301076,1909f56bfc062723c751e8b465ee728b)  -> (artifact id: '1832475f8db39e08af1d805d110b84bd') in 0.097823 seconds 
========================================================================
Received Import Request.
  Time since last request: 0.628075 seconds.
  path: Assets/CodeMonkey/Utils
  artifactKey: Guid(d900c58c01968cd42bb98e37d8e4d05c) Importer(815301076,1909f56bfc062723c751e8b465ee728b)
Start importing Assets/CodeMonkey/Utils using Guid(d900c58c01968cd42bb98e37d8e4d05c) Importer(815301076,1909f56bfc062723c751e8b465ee728b)  -> (artifact id: 'c17f48128f1547e82c2f32e1de49fe8a') in 0.009242 seconds 
========================================================================
Received Import Request.
  Time since last request: 2.972753 seconds.
  path: Assets/CodeMonkey/Utils/World_Sprite.cs
  artifactKey: Guid(1460472c3006fb44daea959dda2c4d81) Importer(815301076,1909f56bfc062723c751e8b465ee728b)
Start importing Assets/CodeMonkey/Utils/World_Sprite.cs using Guid(1460472c3006fb44daea959dda2c4d81) Importer(815301076,1909f56bfc062723c751e8b465ee728b)  -> (artifact id: '6c03f448a61a73257d8796a37f665326') in 0.006212 seconds 
========================================================================
Received Import Request.
  Time since last request: 34.504455 seconds.
  path: Assets/_/TopDownShooter/Scripts
  artifactKey: Guid(191655cfe996bda4882e73a661d74d64) Importer(815301076,1909f56bfc062723c751e8b465ee728b)
Start importing Assets/_/TopDownShooter/Scripts using Guid(191655cfe996bda4882e73a661d74d64) Importer(815301076,1909f56bfc062723c751e8b465ee728b)  -> (artifact id: '446339f4e6027340c24cc6c1c7231e1c') in 0.003674 seconds 
========================================================================
Received Import Request.
  Time since last request: 3.448213 seconds.
  path: Assets/_/TopDownShooter/Scripts/EnemyTargeting.cs
  artifactKey: Guid(3796923ebb8d325468a677ef744c8811) Importer(815301076,1909f56bfc062723c751e8b465ee728b)
Start importing Assets/_/TopDownShooter/Scripts/EnemyTargeting.cs using Guid(3796923ebb8d325468a677ef744c8811) Importer(815301076,1909f56bfc062723c751e8b465ee728b)  -> (artifact id: 'b300bc7496db2a197508797637efb8c1') in 0.006280 seconds 
========================================================================
Received Import Request.
  Time since last request: 0.726628 seconds.
  path: Assets/_/TopDownShooter/Scripts/EnemySpawn.cs
  artifactKey: Guid(1d87017cc48ab674d96719fd692d7435) Importer(815301076,1909f56bfc062723c751e8b465ee728b)
Start importing Assets/_/TopDownShooter/Scripts/EnemySpawn.cs using Guid(1d87017cc48ab674d96719fd692d7435) Importer(815301076,1909f56bfc062723c751e8b465ee728b)  -> (artifact id: '5a105476b272544f2b73abb9b3b1c185') in 0.005831 seconds 
========================================================================
Received Import Request.
  Time since last request: 0.828771 seconds.
  path: Assets/_/TopDownShooter/Scripts/EnemyPathfindingMovement.cs
  artifactKey: Guid(0c06561638fbac043be1167532367cc5) Importer(815301076,1909f56bfc062723c751e8b465ee728b)
Start importing Assets/_/TopDownShooter/Scripts/EnemyPathfindingMovement.cs using Guid(0c06561638fbac043be1167532367cc5) Importer(815301076,1909f56bfc062723c751e8b465ee728b)  -> (artifact id: '310dc943ff1ff910e9d9c7ffdb0879fd') in 0.006622 seconds 
========================================================================
Received Import Request.
  Time since last request: 1.215545 seconds.
  path: Assets/_/TopDownShooter/Scripts/AimingShoot.cs
  artifactKey: Guid(e03e68387be94bb4881378b6c6079339) Importer(815301076,1909f56bfc062723c751e8b465ee728b)
Start importing Assets/_/TopDownShooter/Scripts/AimingShoot.cs using Guid(e03e68387be94bb4881378b6c6079339) Importer(815301076,1909f56bfc062723c751e8b465ee728b)  -> (artifact id: 'ee74343a5494a4ca9d22413434eb4e0b') in 0.005985 seconds 
========================================================================
Received Import Request.
  Time since last request: 2.022504 seconds.
  path: Assets/_/TopDownShooter/Scripts/Enemy.cs
  artifactKey: Guid(91bb486015c3ead45a06167d4301f266) Importer(815301076,1909f56bfc062723c751e8b465ee728b)
Start importing Assets/_/TopDownShooter/Scripts/Enemy.cs using Guid(91bb486015c3ead45a06167d4301f266) Importer(815301076,1909f56bfc062723c751e8b465ee728b)  -> (artifact id: '5a8925e3315ddb89df7ca0c64621aa42') in 0.005931 seconds 
========================================================================
Received Import Request.
  Time since last request: 1.159275 seconds.
  path: Assets/_/TopDownShooter/Scripts/EnemyMain.cs
  artifactKey: Guid(2880569accb229a4e94c4442db854f54) Importer(815301076,1909f56bfc062723c751e8b465ee728b)
Start importing Assets/_/TopDownShooter/Scripts/EnemyMain.cs using Guid(2880569accb229a4e94c4442db854f54) Importer(815301076,1909f56bfc062723c751e8b465ee728b)  -> (artifact id: 'a8407ef762796a9518566c7110ad7c3c') in 0.006404 seconds 
AssetImportWorkerClient::OnTransportError - code=2 error=End of file
